{
  "stats": {
    "suites": 3,
    "tests": 3,
    "passes": 3,
    "pending": 0,
    "failures": 0,
    "testsRegistered": 3,
    "passPercent": 100,
    "pendingPercent": 0,
    "other": 0,
    "hasOther": false,
    "skipped": 0,
    "hasSkipped": false,
    "start": "2023-06-08T02:37:08.352Z",
    "end": "2023-06-08T02:38:03.899Z",
    "duration": 55547
  },
  "results": [
    {
      "uuid": "8d418d65-ba06-4205-9bfe-d30027675508",
      "title": "",
      "fullFile": "cypress\\e2e\\test02.cy.js",
      "file": "cypress\\e2e\\test02.cy.js",
      "beforeHooks": [],
      "afterHooks": [],
      "tests": [],
      "suites": [
        {
          "uuid": "b9268cc3-5f23-4cc4-8a5e-fcc3df98d4d7",
          "title": "template spec",
          "fullFile": "",
          "file": "",
          "beforeHooks": [],
          "afterHooks": [],
          "tests": [
            {
              "title": "verify login success",
              "fullTitle": "template spec verify login success",
              "timedOut": null,
              "duration": 5888,
              "state": "passed",
              "speed": "medium",
              "pass": true,
              "fail": false,
              "pending": false,
              "context": null,
              "code": "loginPage.loginToHomePage('admin@tecdiary.com', '12345678');\nhomePage.verifyLoginSuccess();",
              "err": {},
              "uuid": "fa7366a4-6d8d-4e95-9c69-b74a09182f0d",
              "parentUUID": "b9268cc3-5f23-4cc4-8a5e-fcc3df98d4d7",
              "isHook": false,
              "skipped": false
            }
          ],
          "suites": [],
          "passes": [
            "fa7366a4-6d8d-4e95-9c69-b74a09182f0d"
          ],
          "failures": [],
          "pending": [],
          "skipped": [],
          "duration": 5888,
          "root": false,
          "rootEmpty": false,
          "_timeout": 2000
        }
      ],
      "passes": [],
      "failures": [],
      "pending": [],
      "skipped": [],
      "duration": 0,
      "root": true,
      "rootEmpty": true,
      "_timeout": 2000
    },
    {
      "uuid": "3be3de13-b7f6-4fc6-a350-f49a6bae227e",
      "title": "",
      "fullFile": "cypress\\e2e\\test03.cy.js",
      "file": "cypress\\e2e\\test03.cy.js",
      "beforeHooks": [],
      "afterHooks": [],
      "tests": [],
      "suites": [
        {
          "uuid": "3e328f8c-9a8f-4518-8a3e-bdec0c3385b4",
          "title": "template spec",
          "fullFile": "",
          "file": "",
          "beforeHooks": [],
          "afterHooks": [],
          "tests": [
            {
              "title": "TC03 : verify list products",
              "fullTitle": "template spec TC03 : verify list products",
              "timedOut": null,
              "duration": 8442,
              "state": "passed",
              "speed": "medium",
              "pass": true,
              "fail": false,
              "pending": false,
              "context": null,
              "code": "loginPage.loginToHomePage('admin@tecdiary.com', '12345678');\nhomePage.goToListProduct();\nlistProductPage.verifyListProductPage();",
              "err": {},
              "uuid": "8054d7e8-b693-421f-a8a4-45fb6d21e2dc",
              "parentUUID": "3e328f8c-9a8f-4518-8a3e-bdec0c3385b4",
              "isHook": false,
              "skipped": false
            }
          ],
          "suites": [],
          "passes": [
            "8054d7e8-b693-421f-a8a4-45fb6d21e2dc"
          ],
          "failures": [],
          "pending": [],
          "skipped": [],
          "duration": 8442,
          "root": false,
          "rootEmpty": false,
          "_timeout": 2000
        }
      ],
      "passes": [],
      "failures": [],
      "pending": [],
      "skipped": [],
      "duration": 0,
      "root": true,
      "rootEmpty": true,
      "_timeout": 2000
    },
    {
      "uuid": "cff2a39a-7b2d-4d5a-a868-3084fe8a32bb",
      "title": "",
      "fullFile": "cypress\\e2e\\test01.cy.js",
      "file": "cypress\\e2e\\test01.cy.js",
      "beforeHooks": [],
      "afterHooks": [],
      "tests": [],
      "suites": [
        {
          "uuid": "009f5d5f-749a-4858-9f00-96fe5cdc72c2",
          "title": "template spec",
          "fullFile": "",
          "file": "",
          "beforeHooks": [],
          "afterHooks": [],
          "tests": [
            {
              "title": "verify login page",
              "fullTitle": "template spec verify login page",
              "timedOut": null,
              "duration": 1965,
              "state": "passed",
              "speed": "fast",
              "pass": true,
              "fail": false,
              "pending": false,
              "context": null,
              "code": "loginPage.verifyLoginPage();",
              "err": {},
              "uuid": "781424db-2071-4df8-ba27-bb208ffde3d4",
              "parentUUID": "009f5d5f-749a-4858-9f00-96fe5cdc72c2",
              "isHook": false,
              "skipped": false
            }
          ],
          "suites": [],
          "passes": [
            "781424db-2071-4df8-ba27-bb208ffde3d4"
          ],
          "failures": [],
          "pending": [],
          "skipped": [],
          "duration": 1965,
          "root": false,
          "rootEmpty": false,
          "_timeout": 2000
        }
      ],
      "passes": [],
      "failures": [],
      "pending": [],
      "skipped": [],
      "duration": 0,
      "root": true,
      "rootEmpty": true,
      "_timeout": 2000
    }
  ],
  "meta": {
    "mocha": {
      "version": "7.0.1"
    },
    "mochawesome": {
      "options": {
        "quiet": false,
        "reportFilename": "mochawesome",
        "saveHtml": false,
        "saveJson": true,
        "consoleReporter": "spec",
        "useInlineDiffs": false,
        "code": true
      },
      "version": "7.1.3"
    },
    "marge": {
      "options": {
        "id": "default",
        "reportDir": "cypress/results/mochawesome",
        "overwrite": false,
        "html": false,
        "json": true
      },
      "version": "6.2.0"
    }
  }
}