{
  "stats": {
    "suites": 1,
    "tests": 1,
    "passes": 1,
    "pending": 0,
    "failures": 0,
    "start": "2023-06-08T02:03:48.344Z",
    "end": "2023-06-08T02:03:59.613Z",
    "duration": 11269,
    "testsRegistered": 1,
    "passPercent": 100,
    "pendingPercent": 0,
    "other": 0,
    "hasOther": false,
    "skipped": 0,
    "hasSkipped": false
  },
  "results": [
    {
      "uuid": "b147825f-fa0d-47b0-9b44-0f1092eacdf1",
      "title": "",
      "fullFile": "cypress\\e2e\\test04.cy.js",
      "file": "cypress\\e2e\\test04.cy.js",
      "beforeHooks": [],
      "afterHooks": [],
      "tests": [],
      "suites": [
        {
          "uuid": "b5b249e5-216a-41ce-87bc-a431463c02ff",
          "title": "template spec",
          "fullFile": "",
          "file": "",
          "beforeHooks": [],
          "afterHooks": [],
          "tests": [
            {
              "title": "TC04: Verify view product detail",
              "fullTitle": "template spec TC04: Verify view product detail",
              "timedOut": null,
              "duration": 8908,
              "state": "passed",
              "speed": "medium",
              "pass": true,
              "fail": false,
              "pending": false,
              "context": null,
              "code": "loginPage.loginToHomePage('admin@tecdiary.com', '12345678');\nhomePage.goToListProduct();\nlistProductPage.clickToItemProduct(\"Lemon\");\n// verify detail Lemon\ndetailProduct.verifyDetailProduct();",
              "err": {},
              "uuid": "c85be779-34bf-4d6c-a2dd-68b1205bb605",
              "parentUUID": "b5b249e5-216a-41ce-87bc-a431463c02ff",
              "isHook": false,
              "skipped": false
            }
          ],
          "suites": [],
          "passes": [
            "c85be779-34bf-4d6c-a2dd-68b1205bb605"
          ],
          "failures": [],
          "pending": [],
          "skipped": [],
          "duration": 8908,
          "root": false,
          "rootEmpty": false,
          "_timeout": 2000
        }
      ],
      "passes": [],
      "failures": [],
      "pending": [],
      "skipped": [],
      "duration": 0,
      "root": true,
      "rootEmpty": true,
      "_timeout": 2000
    }
  ],
  "meta": {
    "mocha": {
      "version": "7.0.1"
    },
    "mochawesome": {
      "options": {
        "quiet": false,
        "reportFilename": "mochawesome",
        "saveHtml": false,
        "saveJson": true,
        "consoleReporter": "spec",
        "useInlineDiffs": false,
        "code": true
      },
      "version": "7.1.3"
    },
    "marge": {
      "options": {
        "id": "default",
        "reportDir": "cypress/results/mochawesome",
        "overwrite": false,
        "html": false,
        "json": true
      },
      "version": "6.2.0"
    }
  }
}