{
  "stats": {
    "suites": 1,
    "tests": 1,
    "passes": 1,
    "pending": 0,
    "failures": 0,
    "start": "2023-06-07T02:53:23.193Z",
    "end": "2023-06-07T02:53:32.068Z",
    "duration": 8875,
    "testsRegistered": 1,
    "passPercent": 100,
    "pendingPercent": 0,
    "other": 0,
    "hasOther": false,
    "skipped": 0,
    "hasSkipped": false
  },
  "results": [
    {
      "uuid": "d806d476-d9aa-4b8d-ba50-2b5d8b96bf72",
      "title": "",
      "fullFile": "cypress\\e2e\\test02.cy.js",
      "file": "cypress\\e2e\\test02.cy.js",
      "beforeHooks": [],
      "afterHooks": [],
      "tests": [],
      "suites": [
        {
          "uuid": "1341d84f-0a8e-472f-9a3d-a4cfa2c817f1",
          "title": "template spec",
          "fullFile": "",
          "file": "",
          "beforeHooks": [],
          "afterHooks": [],
          "tests": [
            {
              "title": "verify login success",
              "fullTitle": "template spec verify login success",
              "timedOut": null,
              "duration": 5849,
              "state": "passed",
              "speed": "medium",
              "pass": true,
              "fail": false,
              "pending": false,
              "context": null,
              "code": "loginPage.loginToHomePage('admin@tecdiary.com', '12345678');\nhomePage.verifyLoginSuccess();",
              "err": {},
              "uuid": "6654df78-c844-4225-b97b-682acef8c100",
              "parentUUID": "1341d84f-0a8e-472f-9a3d-a4cfa2c817f1",
              "isHook": false,
              "skipped": false
            }
          ],
          "suites": [],
          "passes": [
            "6654df78-c844-4225-b97b-682acef8c100"
          ],
          "failures": [],
          "pending": [],
          "skipped": [],
          "duration": 5849,
          "root": false,
          "rootEmpty": false,
          "_timeout": 2000
        }
      ],
      "passes": [],
      "failures": [],
      "pending": [],
      "skipped": [],
      "duration": 0,
      "root": true,
      "rootEmpty": true,
      "_timeout": 2000
    }
  ],
  "meta": {
    "mocha": {
      "version": "7.0.1"
    },
    "mochawesome": {
      "options": {
        "quiet": false,
        "reportFilename": "mochawesome",
        "saveHtml": false,
        "saveJson": true,
        "consoleReporter": "spec",
        "useInlineDiffs": false,
        "code": true
      },
      "version": "7.1.3"
    },
    "marge": {
      "options": {
        "id": "default",
        "reportDir": "cypress/results/mochawesome",
        "overwrite": false,
        "html": false,
        "json": true
      },
      "version": "6.2.0"
    }
  }
}