{
  "stats": {
    "suites": 1,
    "tests": 1,
    "passes": 1,
    "pending": 0,
    "failures": 0,
    "start": "2023-06-07T02:53:14.314Z",
    "end": "2023-06-07T02:53:20.641Z",
    "duration": 6327,
    "testsRegistered": 1,
    "passPercent": 100,
    "pendingPercent": 0,
    "other": 0,
    "hasOther": false,
    "skipped": 0,
    "hasSkipped": false
  },
  "results": [
    {
      "uuid": "55938f72-5e2a-4717-8809-186d8ac98bb3",
      "title": "",
      "fullFile": "cypress\\e2e\\test01.cy.js",
      "file": "cypress\\e2e\\test01.cy.js",
      "beforeHooks": [],
      "afterHooks": [],
      "tests": [],
      "suites": [
        {
          "uuid": "c71d22a7-c335-4691-96cb-6d32fd2276a6",
          "title": "template spec",
          "fullFile": "",
          "file": "",
          "beforeHooks": [],
          "afterHooks": [],
          "tests": [
            {
              "title": "verify login page",
              "fullTitle": "template spec verify login page",
              "timedOut": null,
              "duration": 1979,
              "state": "passed",
              "speed": "fast",
              "pass": true,
              "fail": false,
              "pending": false,
              "context": null,
              "code": "loginPage.verifyLoginPage();",
              "err": {},
              "uuid": "572af296-93b3-4adc-93ad-cf8903c2925b",
              "parentUUID": "c71d22a7-c335-4691-96cb-6d32fd2276a6",
              "isHook": false,
              "skipped": false
            }
          ],
          "suites": [],
          "passes": [
            "572af296-93b3-4adc-93ad-cf8903c2925b"
          ],
          "failures": [],
          "pending": [],
          "skipped": [],
          "duration": 1979,
          "root": false,
          "rootEmpty": false,
          "_timeout": 2000
        }
      ],
      "passes": [],
      "failures": [],
      "pending": [],
      "skipped": [],
      "duration": 0,
      "root": true,
      "rootEmpty": true,
      "_timeout": 2000
    }
  ],
  "meta": {
    "mocha": {
      "version": "7.0.1"
    },
    "mochawesome": {
      "options": {
        "quiet": false,
        "reportFilename": "mochawesome",
        "saveHtml": false,
        "saveJson": true,
        "consoleReporter": "spec",
        "useInlineDiffs": false,
        "code": true
      },
      "version": "7.1.3"
    },
    "marge": {
      "options": {
        "id": "default",
        "reportDir": "cypress/results/mochawesome",
        "overwrite": false,
        "html": false,
        "json": true
      },
      "version": "6.2.0"
    }
  }
}