{
  "stats": {
    "suites": 1,
    "tests": 1,
    "passes": 1,
    "pending": 0,
    "failures": 0,
    "start": "2023-06-08T02:05:14.633Z",
    "end": "2023-06-08T02:05:32.345Z",
    "duration": 17712,
    "testsRegistered": 1,
    "passPercent": 100,
    "pendingPercent": 0,
    "other": 0,
    "hasOther": false,
    "skipped": 0,
    "hasSkipped": false
  },
  "results": [
    {
      "uuid": "83f17f82-6a30-4c9f-98bc-a2d6216e7b7d",
      "title": "",
      "fullFile": "cypress\\e2e\\test10.cy.js",
      "file": "cypress\\e2e\\test10.cy.js",
      "beforeHooks": [],
      "afterHooks": [],
      "tests": [],
      "suites": [
        {
          "uuid": "284d289a-31ba-453f-b67f-fc89b19de16b",
          "title": "template spec",
          "fullFile": "",
          "file": "",
          "beforeHooks": [],
          "afterHooks": [],
          "tests": [
            {
              "title": "TC10: Verify add product at PurchasePage successfully",
              "fullTitle": "template spec TC10: Verify add product at PurchasePage successfully",
              "timedOut": null,
              "duration": 15171,
              "state": "passed",
              "speed": "slow",
              "pass": true,
              "fail": false,
              "pending": false,
              "context": null,
              "code": "loginPage.loginToHomePage('admin@tecdiary.com', '12345678');\nhomePage.goToAddPurschases();\naddPurchasePage.goToAddProductPage();\naddProductPage.addProduct(\"Quan\", \"NTT126\", \"quan\", \"1.44\", \"1.22\");\nlistProductPage.verifyListProductPage();",
              "err": {},
              "uuid": "18fb9933-88f0-4fe1-9acc-4fb3d2c6f3a9",
              "parentUUID": "284d289a-31ba-453f-b67f-fc89b19de16b",
              "isHook": false,
              "skipped": false
            }
          ],
          "suites": [],
          "passes": [
            "18fb9933-88f0-4fe1-9acc-4fb3d2c6f3a9"
          ],
          "failures": [],
          "pending": [],
          "skipped": [],
          "duration": 15171,
          "root": false,
          "rootEmpty": false,
          "_timeout": 2000
        }
      ],
      "passes": [],
      "failures": [],
      "pending": [],
      "skipped": [],
      "duration": 0,
      "root": true,
      "rootEmpty": true,
      "_timeout": 2000
    }
  ],
  "meta": {
    "mocha": {
      "version": "7.0.1"
    },
    "mochawesome": {
      "options": {
        "quiet": false,
        "reportFilename": "mochawesome",
        "saveHtml": false,
        "saveJson": true,
        "consoleReporter": "spec",
        "useInlineDiffs": false,
        "code": true
      },
      "version": "7.1.3"
    },
    "marge": {
      "options": {
        "id": "default",
        "reportDir": "cypress/results/mochawesome",
        "overwrite": false,
        "html": false,
        "json": true
      },
      "version": "6.2.0"
    }
  }
}