{
  "stats": {
    "suites": 1,
    "tests": 1,
    "passes": 1,
    "pending": 0,
    "failures": 0,
    "start": "2023-06-08T02:04:44.847Z",
    "end": "2023-06-08T02:04:58.855Z",
    "duration": 14008,
    "testsRegistered": 1,
    "passPercent": 100,
    "pendingPercent": 0,
    "other": 0,
    "hasOther": false,
    "skipped": 0,
    "hasSkipped": false
  },
  "results": [
    {
      "uuid": "88affb96-9820-4298-9e9a-6323195e22b6",
      "title": "",
      "fullFile": "cypress\\e2e\\test08.cy.js",
      "file": "cypress\\e2e\\test08.cy.js",
      "beforeHooks": [],
      "afterHooks": [],
      "tests": [],
      "suites": [
        {
          "uuid": "3d297889-6d76-402c-b23d-46503f5d7b5e",
          "title": "template spec",
          "fullFile": "",
          "file": "",
          "beforeHooks": [],
          "afterHooks": [],
          "tests": [
            {
              "title": "TC08: Verify add Sale successfully",
              "fullTitle": "template spec TC08: Verify add Sale successfully",
              "timedOut": null,
              "duration": 11643,
              "state": "passed",
              "speed": "slow",
              "pass": true,
              "fail": false,
              "pending": false,
              "context": null,
              "code": "loginPage.loginToHomePage('admin@tecdiary.com', '12345678');\nhomePage.goToAddSales();\naddSalesPage.selectCustomer();\naddSalesPage.addProductManually();\naddSalesPage.submitAddSale();\naddSalesPage.verifyAddSaleSuccessfully();",
              "err": {},
              "uuid": "580540a9-810a-4b64-8395-416ed30eb888",
              "parentUUID": "3d297889-6d76-402c-b23d-46503f5d7b5e",
              "isHook": false,
              "skipped": false
            }
          ],
          "suites": [],
          "passes": [
            "580540a9-810a-4b64-8395-416ed30eb888"
          ],
          "failures": [],
          "pending": [],
          "skipped": [],
          "duration": 11643,
          "root": false,
          "rootEmpty": false,
          "_timeout": 2000
        }
      ],
      "passes": [],
      "failures": [],
      "pending": [],
      "skipped": [],
      "duration": 0,
      "root": true,
      "rootEmpty": true,
      "_timeout": 2000
    }
  ],
  "meta": {
    "mocha": {
      "version": "7.0.1"
    },
    "mochawesome": {
      "options": {
        "quiet": false,
        "reportFilename": "mochawesome",
        "saveHtml": false,
        "saveJson": true,
        "consoleReporter": "spec",
        "useInlineDiffs": false,
        "code": true
      },
      "version": "7.1.3"
    },
    "marge": {
      "options": {
        "id": "default",
        "reportDir": "cypress/results/mochawesome",
        "overwrite": false,
        "html": false,
        "json": true
      },
      "version": "6.2.0"
    }
  }
}