{
  "stats": {
    "suites": 1,
    "tests": 1,
    "passes": 1,
    "pending": 0,
    "failures": 0,
    "start": "2023-06-08T02:17:42.767Z",
    "end": "2023-06-08T02:17:56.198Z",
    "duration": 13431,
    "testsRegistered": 1,
    "passPercent": 100,
    "pendingPercent": 0,
    "other": 0,
    "hasOther": false,
    "skipped": 0,
    "hasSkipped": false
  },
  "results": [
    {
      "uuid": "433f7fb3-9452-470b-8c54-353264cd10fc",
      "title": "",
      "fullFile": "cypress\\e2e\\test09.cy.js",
      "file": "cypress\\e2e\\test09.cy.js",
      "beforeHooks": [],
      "afterHooks": [],
      "tests": [],
      "suites": [
        {
          "uuid": "ead2dbfa-ad81-47a5-aa77-7caed93ffad0",
          "title": "template spec",
          "fullFile": "",
          "file": "",
          "beforeHooks": [],
          "afterHooks": [],
          "tests": [
            {
              "title": "Verify Purchases List",
              "fullTitle": "template spec Verify Purchases List",
              "timedOut": null,
              "duration": 9113,
              "state": "passed",
              "speed": "medium",
              "pass": true,
              "fail": false,
              "pending": false,
              "context": null,
              "code": "loginPage.loginToHomePage('admin@tecdiary.com', '12345678');\nhomePage.goToListPurchase();\nlistPurchasesPage.verifyFormatDateTimeForRow(1);\nlistPurchasesPage.verifyReferenceNoOrderByDesc();",
              "err": {},
              "uuid": "87322b3a-ff42-4e48-8b32-bde324e02dea",
              "parentUUID": "ead2dbfa-ad81-47a5-aa77-7caed93ffad0",
              "isHook": false,
              "skipped": false
            }
          ],
          "suites": [],
          "passes": [
            "87322b3a-ff42-4e48-8b32-bde324e02dea"
          ],
          "failures": [],
          "pending": [],
          "skipped": [],
          "duration": 9113,
          "root": false,
          "rootEmpty": false,
          "_timeout": 2000
        }
      ],
      "passes": [],
      "failures": [],
      "pending": [],
      "skipped": [],
      "duration": 0,
      "root": true,
      "rootEmpty": true,
      "_timeout": 2000
    }
  ],
  "meta": {
    "mocha": {
      "version": "7.0.1"
    },
    "mochawesome": {
      "options": {
        "quiet": false,
        "reportFilename": "mochawesome",
        "saveHtml": false,
        "saveJson": true,
        "consoleReporter": "spec",
        "useInlineDiffs": false,
        "code": true
      },
      "version": "7.1.3"
    },
    "marge": {
      "options": {
        "id": "default",
        "reportDir": "cypress/results/mochawesome",
        "overwrite": false,
        "html": false,
        "json": true
      },
      "version": "6.2.0"
    }
  }
}