{
  "stats": {
    "suites": 1,
    "tests": 1,
    "passes": 1,
    "pending": 0,
    "failures": 0,
    "start": "2023-06-08T02:16:43.543Z",
    "end": "2023-06-08T02:16:55.520Z",
    "duration": 11977,
    "testsRegistered": 1,
    "passPercent": 100,
    "pendingPercent": 0,
    "other": 0,
    "hasOther": false,
    "skipped": 0,
    "hasSkipped": false
  },
  "results": [
    {
      "uuid": "33f4499e-6f6c-4a1f-b45d-0cf95afa089d",
      "title": "",
      "fullFile": "cypress\\e2e\\test06.cy.js",
      "file": "cypress\\e2e\\test06.cy.js",
      "beforeHooks": [],
      "afterHooks": [],
      "tests": [],
      "suites": [
        {
          "uuid": "a89d58e6-a820-45ea-b26a-69b73b6793a7",
          "title": "template spec",
          "fullFile": "",
          "file": "",
          "beforeHooks": [],
          "afterHooks": [],
          "tests": [
            {
              "title": "TC06: Verify Print Barcode/Label page",
              "fullTitle": "template spec TC06: Verify Print Barcode/Label page",
              "timedOut": null,
              "duration": 8334,
              "state": "passed",
              "speed": "medium",
              "pass": true,
              "fail": false,
              "pending": false,
              "context": null,
              "code": "loginPage.loginToHomePage('admin@tecdiary.com', '12345678');\nhomePage.goToPrintBarCode();\nprintBarcodePage.verifyPrintBarcodeElement();",
              "err": {},
              "uuid": "fcef0b7c-8de0-4e87-9e35-807457d75366",
              "parentUUID": "a89d58e6-a820-45ea-b26a-69b73b6793a7",
              "isHook": false,
              "skipped": false
            }
          ],
          "suites": [],
          "passes": [
            "fcef0b7c-8de0-4e87-9e35-807457d75366"
          ],
          "failures": [],
          "pending": [],
          "skipped": [],
          "duration": 8334,
          "root": false,
          "rootEmpty": false,
          "_timeout": 2000
        }
      ],
      "passes": [],
      "failures": [],
      "pending": [],
      "skipped": [],
      "duration": 0,
      "root": true,
      "rootEmpty": true,
      "_timeout": 2000
    }
  ],
  "meta": {
    "mocha": {
      "version": "7.0.1"
    },
    "mochawesome": {
      "options": {
        "quiet": false,
        "reportFilename": "mochawesome",
        "saveHtml": false,
        "saveJson": true,
        "consoleReporter": "spec",
        "useInlineDiffs": false,
        "code": true
      },
      "version": "7.1.3"
    },
    "marge": {
      "options": {
        "id": "default",
        "reportDir": "cypress/results/mochawesome",
        "overwrite": false,
        "html": false,
        "json": true
      },
      "version": "6.2.0"
    }
  }
}