{
  "stats": {
    "suites": 1,
    "tests": 1,
    "passes": 1,
    "pending": 0,
    "failures": 0,
    "start": "2023-06-08T02:04:28.131Z",
    "end": "2023-06-08T02:04:42.343Z",
    "duration": 14212,
    "testsRegistered": 1,
    "passPercent": 100,
    "pendingPercent": 0,
    "other": 0,
    "hasOther": false,
    "skipped": 0,
    "hasSkipped": false
  },
  "results": [
    {
      "uuid": "7ec152c5-3444-4b01-baad-b3d2ec4c5cc5",
      "title": "",
      "fullFile": "cypress\\e2e\\test07.cy.js",
      "file": "cypress\\e2e\\test07.cy.js",
      "beforeHooks": [],
      "afterHooks": [],
      "tests": [],
      "suites": [
        {
          "uuid": "954c0763-d637-4ce2-8c72-38bcdfd26407",
          "title": "template spec",
          "fullFile": "",
          "file": "",
          "beforeHooks": [],
          "afterHooks": [],
          "tests": [
            {
              "title": "TC07 : Verify create Print Barcode/Label successfully",
              "fullTitle": "template spec TC07 : Verify create Print Barcode/Label successfully",
              "timedOut": null,
              "duration": 11917,
              "state": "passed",
              "speed": "slow",
              "pass": true,
              "fail": false,
              "pending": false,
              "context": null,
              "code": "loginPage.loginToHomePage('admin@tecdiary.com', '12345678');\nhomePage.goToPrintBarCode();\nprintBarcodePage.addItemProduct('Kiwi');\nprintBarcodePage.getStyleOption('18 per sheet (a4) (2.5\" x 1.835\")');\nprintBarcodePage.checkPrintCheckBox();\nprintBarcodePage.clickUpdate();\nprintBarcodePage.verifyCreatePrintBarcodeSuccessfully();",
              "err": {},
              "uuid": "ea4db676-17e8-45b0-9fde-383699336912",
              "parentUUID": "954c0763-d637-4ce2-8c72-38bcdfd26407",
              "isHook": false,
              "skipped": false
            }
          ],
          "suites": [],
          "passes": [
            "ea4db676-17e8-45b0-9fde-383699336912"
          ],
          "failures": [],
          "pending": [],
          "skipped": [],
          "duration": 11917,
          "root": false,
          "rootEmpty": false,
          "_timeout": 2000
        }
      ],
      "passes": [],
      "failures": [],
      "pending": [],
      "skipped": [],
      "duration": 0,
      "root": true,
      "rootEmpty": true,
      "_timeout": 2000
    }
  ],
  "meta": {
    "mocha": {
      "version": "7.0.1"
    },
    "mochawesome": {
      "options": {
        "quiet": false,
        "reportFilename": "mochawesome",
        "saveHtml": false,
        "saveJson": true,
        "consoleReporter": "spec",
        "useInlineDiffs": false,
        "code": true
      },
      "version": "7.1.3"
    },
    "marge": {
      "options": {
        "id": "default",
        "reportDir": "cypress/results/mochawesome",
        "overwrite": false,
        "html": false,
        "json": true
      },
      "version": "6.2.0"
    }
  }
}