{
  "stats": {
    "suites": 1,
    "tests": 1,
    "passes": 1,
    "pending": 0,
    "failures": 0,
    "start": "2023-06-08T02:17:19.029Z",
    "end": "2023-06-08T02:17:36.714Z",
    "duration": 17685,
    "testsRegistered": 1,
    "passPercent": 100,
    "pendingPercent": 0,
    "other": 0,
    "hasOther": false,
    "skipped": 0,
    "hasSkipped": false
  },
  "results": [
    {
      "uuid": "d6f7e575-549c-4961-bb65-686b75199532",
      "title": "",
      "fullFile": "cypress\\e2e\\test08.cy.js",
      "file": "cypress\\e2e\\test08.cy.js",
      "beforeHooks": [],
      "afterHooks": [],
      "tests": [],
      "suites": [
        {
          "uuid": "f94b6d43-1421-4ed2-a75a-e822fad2dc10",
          "title": "template spec",
          "fullFile": "",
          "file": "",
          "beforeHooks": [],
          "afterHooks": [],
          "tests": [
            {
              "title": "TC08: Verify add Sale successfully",
              "fullTitle": "template spec TC08: Verify add Sale successfully",
              "timedOut": null,
              "duration": 14297,
              "state": "passed",
              "speed": "slow",
              "pass": true,
              "fail": false,
              "pending": false,
              "context": null,
              "code": "loginPage.loginToHomePage('admin@tecdiary.com', '12345678');\nhomePage.goToAddSales();\naddSalesPage.selectCustomer();\naddSalesPage.addProductManually();\naddSalesPage.submitAddSale();\naddSalesPage.verifyAddSaleSuccessfully();",
              "err": {},
              "uuid": "425b5e6b-3d1d-4225-b3e4-250b57436538",
              "parentUUID": "f94b6d43-1421-4ed2-a75a-e822fad2dc10",
              "isHook": false,
              "skipped": false
            }
          ],
          "suites": [],
          "passes": [
            "425b5e6b-3d1d-4225-b3e4-250b57436538"
          ],
          "failures": [],
          "pending": [],
          "skipped": [],
          "duration": 14297,
          "root": false,
          "rootEmpty": false,
          "_timeout": 2000
        }
      ],
      "passes": [],
      "failures": [],
      "pending": [],
      "skipped": [],
      "duration": 0,
      "root": true,
      "rootEmpty": true,
      "_timeout": 2000
    }
  ],
  "meta": {
    "mocha": {
      "version": "7.0.1"
    },
    "mochawesome": {
      "options": {
        "quiet": false,
        "reportFilename": "mochawesome",
        "saveHtml": false,
        "saveJson": true,
        "consoleReporter": "spec",
        "useInlineDiffs": false,
        "code": true
      },
      "version": "7.1.3"
    },
    "marge": {
      "options": {
        "id": "default",
        "reportDir": "cypress/results/mochawesome",
        "overwrite": false,
        "html": false,
        "json": true
      },
      "version": "6.2.0"
    }
  }
}