{
  "stats": {
    "suites": 1,
    "tests": 1,
    "passes": 1,
    "pending": 0,
    "failures": 0,
    "start": "2023-06-08T02:15:50.161Z",
    "end": "2023-06-08T02:16:02.679Z",
    "duration": 12518,
    "testsRegistered": 1,
    "passPercent": 100,
    "pendingPercent": 0,
    "other": 0,
    "hasOther": false,
    "skipped": 0,
    "hasSkipped": false
  },
  "results": [
    {
      "uuid": "5b893ae9-5d71-4312-b5d0-3c11c7607933",
      "title": "",
      "fullFile": "cypress\\e2e\\test03.cy.js",
      "file": "cypress\\e2e\\test03.cy.js",
      "beforeHooks": [],
      "afterHooks": [],
      "tests": [],
      "suites": [
        {
          "uuid": "cfb94241-4df2-4a22-a0f8-4afec82e3dcf",
          "title": "template spec",
          "fullFile": "",
          "file": "",
          "beforeHooks": [],
          "afterHooks": [],
          "tests": [
            {
              "title": "TC03 : verify list products",
              "fullTitle": "template spec TC03 : verify list products",
              "timedOut": null,
              "duration": 7714,
              "state": "passed",
              "speed": "medium",
              "pass": true,
              "fail": false,
              "pending": false,
              "context": null,
              "code": "loginPage.loginToHomePage('admin@tecdiary.com', '12345678');\nhomePage.goToListProduct();\nlistProductPage.verifyListProductPage();",
              "err": {},
              "uuid": "e8c810ac-0fad-43de-989e-31e9145bcef3",
              "parentUUID": "cfb94241-4df2-4a22-a0f8-4afec82e3dcf",
              "isHook": false,
              "skipped": false
            }
          ],
          "suites": [],
          "passes": [
            "e8c810ac-0fad-43de-989e-31e9145bcef3"
          ],
          "failures": [],
          "pending": [],
          "skipped": [],
          "duration": 7714,
          "root": false,
          "rootEmpty": false,
          "_timeout": 2000
        }
      ],
      "passes": [],
      "failures": [],
      "pending": [],
      "skipped": [],
      "duration": 0,
      "root": true,
      "rootEmpty": true,
      "_timeout": 2000
    }
  ],
  "meta": {
    "mocha": {
      "version": "7.0.1"
    },
    "mochawesome": {
      "options": {
        "quiet": false,
        "reportFilename": "mochawesome",
        "saveHtml": false,
        "saveJson": true,
        "consoleReporter": "spec",
        "useInlineDiffs": false,
        "code": true
      },
      "version": "7.1.3"
    },
    "marge": {
      "options": {
        "id": "default",
        "reportDir": "cypress/results/mochawesome",
        "overwrite": false,
        "html": false,
        "json": true
      },
      "version": "6.2.0"
    }
  }
}