{
  "stats": {
    "suites": 1,
    "tests": 1,
    "passes": 1,
    "pending": 0,
    "failures": 0,
    "start": "2023-06-08T02:04:02.020Z",
    "end": "2023-06-08T02:04:13.857Z",
    "duration": 11837,
    "testsRegistered": 1,
    "passPercent": 100,
    "pendingPercent": 0,
    "other": 0,
    "hasOther": false,
    "skipped": 0,
    "hasSkipped": false
  },
  "results": [
    {
      "uuid": "7cc2b524-1af4-464e-878a-018092926c0c",
      "title": "",
      "fullFile": "cypress\\e2e\\test05.cy.js",
      "file": "cypress\\e2e\\test05.cy.js",
      "beforeHooks": [],
      "afterHooks": [],
      "tests": [],
      "suites": [
        {
          "uuid": "ca469e1d-e4ad-4168-83ae-c9898894f480",
          "title": "template spec",
          "fullFile": "",
          "file": "",
          "beforeHooks": [],
          "afterHooks": [],
          "tests": [
            {
              "title": "TC05 : Verify Edit product",
              "fullTitle": "template spec TC05 : Verify Edit product",
              "timedOut": null,
              "duration": 9464,
              "state": "passed",
              "speed": "medium",
              "pass": true,
              "fail": false,
              "pending": false,
              "context": null,
              "code": "loginPage.loginToHomePage('admin@tecdiary.com', '12345678');\nhomePage.goToListProduct();\nlistProductPage.serachItemProoduct(\"Mouse\");\nlistProductPage.clickToItemProduct(\"Mouse\");\ndetailProduct.goToEditPage();\n// verify \neditProductPage.verifyEditProductPage();",
              "err": {},
              "uuid": "b657a262-a17e-42a2-9633-dd5771aff5c1",
              "parentUUID": "ca469e1d-e4ad-4168-83ae-c9898894f480",
              "isHook": false,
              "skipped": false
            }
          ],
          "suites": [],
          "passes": [
            "b657a262-a17e-42a2-9633-dd5771aff5c1"
          ],
          "failures": [],
          "pending": [],
          "skipped": [],
          "duration": 9464,
          "root": false,
          "rootEmpty": false,
          "_timeout": 2000
        }
      ],
      "passes": [],
      "failures": [],
      "pending": [],
      "skipped": [],
      "duration": 0,
      "root": true,
      "rootEmpty": true,
      "_timeout": 2000
    }
  ],
  "meta": {
    "mocha": {
      "version": "7.0.1"
    },
    "mochawesome": {
      "options": {
        "quiet": false,
        "reportFilename": "mochawesome",
        "saveHtml": false,
        "saveJson": true,
        "consoleReporter": "spec",
        "useInlineDiffs": false,
        "code": true
      },
      "version": "7.1.3"
    },
    "marge": {
      "options": {
        "id": "default",
        "reportDir": "cypress/results/mochawesome",
        "overwrite": false,
        "html": false,
        "json": true
      },
      "version": "6.2.0"
    }
  }
}