{
  "stats": {
    "suites": 1,
    "tests": 1,
    "passes": 1,
    "pending": 0,
    "failures": 0,
    "start": "2023-06-08T02:05:03.303Z",
    "end": "2023-06-08T02:05:12.219Z",
    "duration": 8916,
    "testsRegistered": 1,
    "passPercent": 100,
    "pendingPercent": 0,
    "other": 0,
    "hasOther": false,
    "skipped": 0,
    "hasSkipped": false
  },
  "results": [
    {
      "uuid": "7df377e5-4e32-4dc0-97ba-fdcf537104ce",
      "title": "",
      "fullFile": "cypress\\e2e\\test09.cy.js",
      "file": "cypress\\e2e\\test09.cy.js",
      "beforeHooks": [],
      "afterHooks": [],
      "tests": [],
      "suites": [
        {
          "uuid": "12f390ff-f00c-4708-be97-c3ab39da6ba9",
          "title": "template spec",
          "fullFile": "",
          "file": "",
          "beforeHooks": [],
          "afterHooks": [],
          "tests": [
            {
              "title": "Verify Purchases List",
              "fullTitle": "template spec Verify Purchases List",
              "timedOut": null,
              "duration": 6083,
              "state": "passed",
              "speed": "medium",
              "pass": true,
              "fail": false,
              "pending": false,
              "context": null,
              "code": "loginPage.loginToHomePage('admin@tecdiary.com', '12345678');\nhomePage.goToListPurchase();\nlistPurchasesPage.verifyFormatDateTimeForRow(1);\nlistPurchasesPage.verifyReferenceNoOrderByDesc();",
              "err": {},
              "uuid": "a57e505d-017d-4138-8479-3fc63ebf60a2",
              "parentUUID": "12f390ff-f00c-4708-be97-c3ab39da6ba9",
              "isHook": false,
              "skipped": false
            }
          ],
          "suites": [],
          "passes": [
            "a57e505d-017d-4138-8479-3fc63ebf60a2"
          ],
          "failures": [],
          "pending": [],
          "skipped": [],
          "duration": 6083,
          "root": false,
          "rootEmpty": false,
          "_timeout": 2000
        }
      ],
      "passes": [],
      "failures": [],
      "pending": [],
      "skipped": [],
      "duration": 0,
      "root": true,
      "rootEmpty": true,
      "_timeout": 2000
    }
  ],
  "meta": {
    "mocha": {
      "version": "7.0.1"
    },
    "mochawesome": {
      "options": {
        "quiet": false,
        "reportFilename": "mochawesome",
        "saveHtml": false,
        "saveJson": true,
        "consoleReporter": "spec",
        "useInlineDiffs": false,
        "code": true
      },
      "version": "7.1.3"
    },
    "marge": {
      "options": {
        "id": "default",
        "reportDir": "cypress/results/mochawesome",
        "overwrite": false,
        "html": false,
        "json": true
      },
      "version": "6.2.0"
    }
  }
}