{
  "stats": {
    "suites": 1,
    "tests": 1,
    "passes": 1,
    "pending": 0,
    "failures": 0,
    "start": "2023-06-07T02:54:45.747Z",
    "end": "2023-06-07T02:55:00.945Z",
    "duration": 15198,
    "testsRegistered": 1,
    "passPercent": 100,
    "pendingPercent": 0,
    "other": 0,
    "hasOther": false,
    "skipped": 0,
    "hasSkipped": false
  },
  "results": [
    {
      "uuid": "19b733bc-da6f-4f9b-b5a5-e674fa00589f",
      "title": "",
      "fullFile": "cypress\\e2e\\test07.cy.js",
      "file": "cypress\\e2e\\test07.cy.js",
      "beforeHooks": [],
      "afterHooks": [],
      "tests": [],
      "suites": [
        {
          "uuid": "28edf8ac-a660-45d1-b631-1e8b9db0b68e",
          "title": "template spec",
          "fullFile": "",
          "file": "",
          "beforeHooks": [],
          "afterHooks": [],
          "tests": [
            {
              "title": "TC07 : Verify create Print Barcode/Label successfully",
              "fullTitle": "template spec TC07 : Verify create Print Barcode/Label successfully",
              "timedOut": null,
              "duration": 11956,
              "state": "passed",
              "speed": "slow",
              "pass": true,
              "fail": false,
              "pending": false,
              "context": null,
              "code": "loginPage.loginToHomePage('admin@tecdiary.com', '12345678');\nhomePage.goToPrintBarCode();\nprintBarcodePage.addItemProduct('Kiwi');\nprintBarcodePage.getStyleOption('18 per sheet (a4) (2.5\" x 1.835\")');\nprintBarcodePage.checkPrintCheckBox();\nprintBarcodePage.clickUpdate();\nprintBarcodePage.verifyCreatePrintBarcodeSuccessfully();",
              "err": {},
              "uuid": "bcdcbc8d-0e8a-476e-aacc-6cac9dc9a32e",
              "parentUUID": "28edf8ac-a660-45d1-b631-1e8b9db0b68e",
              "isHook": false,
              "skipped": false
            }
          ],
          "suites": [],
          "passes": [
            "bcdcbc8d-0e8a-476e-aacc-6cac9dc9a32e"
          ],
          "failures": [],
          "pending": [],
          "skipped": [],
          "duration": 11956,
          "root": false,
          "rootEmpty": false,
          "_timeout": 2000
        }
      ],
      "passes": [],
      "failures": [],
      "pending": [],
      "skipped": [],
      "duration": 0,
      "root": true,
      "rootEmpty": true,
      "_timeout": 2000
    }
  ],
  "meta": {
    "mocha": {
      "version": "7.0.1"
    },
    "mochawesome": {
      "options": {
        "quiet": false,
        "reportFilename": "mochawesome",
        "saveHtml": false,
        "saveJson": true,
        "consoleReporter": "spec",
        "useInlineDiffs": false,
        "code": true
      },
      "version": "7.1.3"
    },
    "marge": {
      "options": {
        "id": "default",
        "reportDir": "cypress/results/mochawesome",
        "overwrite": false,
        "html": false,
        "json": true
      },
      "version": "6.2.0"
    }
  }
}