{
  "stats": {
    "suites": 1,
    "tests": 1,
    "passes": 1,
    "pending": 0,
    "failures": 0,
    "start": "2023-06-07T02:53:34.747Z",
    "end": "2023-06-07T02:53:45.517Z",
    "duration": 10770,
    "testsRegistered": 1,
    "passPercent": 100,
    "pendingPercent": 0,
    "other": 0,
    "hasOther": false,
    "skipped": 0,
    "hasSkipped": false
  },
  "results": [
    {
      "uuid": "1fe2207f-a99d-44a2-b28b-bd1ef1d64237",
      "title": "",
      "fullFile": "cypress\\e2e\\test03.cy.js",
      "file": "cypress\\e2e\\test03.cy.js",
      "beforeHooks": [],
      "afterHooks": [],
      "tests": [],
      "suites": [
        {
          "uuid": "c4bfa7b4-a503-406a-99db-74d1bb42ddd7",
          "title": "template spec",
          "fullFile": "",
          "file": "",
          "beforeHooks": [],
          "afterHooks": [],
          "tests": [
            {
              "title": "TC03 : verify list products",
              "fullTitle": "template spec TC03 : verify list products",
              "timedOut": null,
              "duration": 8354,
              "state": "passed",
              "speed": "medium",
              "pass": true,
              "fail": false,
              "pending": false,
              "context": null,
              "code": "loginPage.loginToHomePage('admin@tecdiary.com', '12345678');\nhomePage.goToListProduct();\nlistProductPage.verifyListProductPage();",
              "err": {},
              "uuid": "7711c561-bc70-4f59-a9af-4df839f6fa4a",
              "parentUUID": "c4bfa7b4-a503-406a-99db-74d1bb42ddd7",
              "isHook": false,
              "skipped": false
            }
          ],
          "suites": [],
          "passes": [
            "7711c561-bc70-4f59-a9af-4df839f6fa4a"
          ],
          "failures": [],
          "pending": [],
          "skipped": [],
          "duration": 8354,
          "root": false,
          "rootEmpty": false,
          "_timeout": 2000
        }
      ],
      "passes": [],
      "failures": [],
      "pending": [],
      "skipped": [],
      "duration": 0,
      "root": true,
      "rootEmpty": true,
      "_timeout": 2000
    }
  ],
  "meta": {
    "mocha": {
      "version": "7.0.1"
    },
    "mochawesome": {
      "options": {
        "quiet": false,
        "reportFilename": "mochawesome",
        "saveHtml": false,
        "saveJson": true,
        "consoleReporter": "spec",
        "useInlineDiffs": false,
        "code": true
      },
      "version": "7.1.3"
    },
    "marge": {
      "options": {
        "id": "default",
        "reportDir": "cypress/results/mochawesome",
        "overwrite": false,
        "html": false,
        "json": true
      },
      "version": "6.2.0"
    }
  }
}