{
  "stats": {
    "suites": 1,
    "tests": 1,
    "passes": 1,
    "pending": 0,
    "failures": 0,
    "start": "2023-06-07T02:55:35.415Z",
    "end": "2023-06-07T02:55:59.927Z",
    "duration": 24512,
    "testsRegistered": 1,
    "passPercent": 100,
    "pendingPercent": 0,
    "other": 0,
    "hasOther": false,
    "skipped": 0,
    "hasSkipped": false
  },
  "results": [
    {
      "uuid": "30213dce-3dac-4261-b666-49f099db0b7b",
      "title": "",
      "fullFile": "cypress\\e2e\\test10.cy.js",
      "file": "cypress\\e2e\\test10.cy.js",
      "beforeHooks": [],
      "afterHooks": [],
      "tests": [],
      "suites": [
        {
          "uuid": "4de497a2-cfee-4ee3-92a8-a80c2a06f679",
          "title": "template spec",
          "fullFile": "",
          "file": "",
          "beforeHooks": [],
          "afterHooks": [],
          "tests": [
            {
              "title": "TC10: Verify add product at PurchasePage successfully",
              "fullTitle": "template spec TC10: Verify add product at PurchasePage successfully",
              "timedOut": null,
              "duration": 21926,
              "state": "passed",
              "speed": "slow",
              "pass": true,
              "fail": false,
              "pending": false,
              "context": null,
              "code": "loginPage.loginToHomePage('admin@tecdiary.com', '12345678');\nhomePage.goToAddPurschases();\naddPurchasePage.goToAddProductPage();\naddProductPage.addProduct(\"Quan\", \"NTT126\", \"quan\", \"1.44\", \"1.22\");\nlistProductPage.verifyListProductPage();",
              "err": {},
              "uuid": "862bd6bb-5fea-4b69-8efc-6cc322489e2f",
              "parentUUID": "4de497a2-cfee-4ee3-92a8-a80c2a06f679",
              "isHook": false,
              "skipped": false
            }
          ],
          "suites": [],
          "passes": [
            "862bd6bb-5fea-4b69-8efc-6cc322489e2f"
          ],
          "failures": [],
          "pending": [],
          "skipped": [],
          "duration": 21926,
          "root": false,
          "rootEmpty": false,
          "_timeout": 2000
        }
      ],
      "passes": [],
      "failures": [],
      "pending": [],
      "skipped": [],
      "duration": 0,
      "root": true,
      "rootEmpty": true,
      "_timeout": 2000
    }
  ],
  "meta": {
    "mocha": {
      "version": "7.0.1"
    },
    "mochawesome": {
      "options": {
        "quiet": false,
        "reportFilename": "mochawesome",
        "saveHtml": false,
        "saveJson": true,
        "consoleReporter": "spec",
        "useInlineDiffs": false,
        "code": true
      },
      "version": "7.1.3"
    },
    "marge": {
      "options": {
        "id": "default",
        "reportDir": "cypress/results/mochawesome",
        "overwrite": false,
        "html": false,
        "json": true
      },
      "version": "6.2.0"
    }
  }
}