{
  "stats": {
    "suites": 1,
    "tests": 1,
    "passes": 1,
    "pending": 0,
    "failures": 0,
    "start": "2023-06-08T02:04:16.166Z",
    "end": "2023-06-08T02:04:25.811Z",
    "duration": 9645,
    "testsRegistered": 1,
    "passPercent": 100,
    "pendingPercent": 0,
    "other": 0,
    "hasOther": false,
    "skipped": 0,
    "hasSkipped": false
  },
  "results": [
    {
      "uuid": "5c809945-783f-4f6d-965d-66231779e4dd",
      "title": "",
      "fullFile": "cypress\\e2e\\test06.cy.js",
      "file": "cypress\\e2e\\test06.cy.js",
      "beforeHooks": [],
      "afterHooks": [],
      "tests": [],
      "suites": [
        {
          "uuid": "d7e851eb-9333-4f47-af1c-713514334609",
          "title": "template spec",
          "fullFile": "",
          "file": "",
          "beforeHooks": [],
          "afterHooks": [],
          "tests": [
            {
              "title": "TC06: Verify Print Barcode/Label page",
              "fullTitle": "template spec TC06: Verify Print Barcode/Label page",
              "timedOut": null,
              "duration": 7267,
              "state": "passed",
              "speed": "medium",
              "pass": true,
              "fail": false,
              "pending": false,
              "context": null,
              "code": "loginPage.loginToHomePage('admin@tecdiary.com', '12345678');\nhomePage.goToPrintBarCode();\nprintBarcodePage.verifyPrintBarcodeElement();",
              "err": {},
              "uuid": "da2287e1-9300-446a-b72d-338ebcb8c324",
              "parentUUID": "d7e851eb-9333-4f47-af1c-713514334609",
              "isHook": false,
              "skipped": false
            }
          ],
          "suites": [],
          "passes": [
            "da2287e1-9300-446a-b72d-338ebcb8c324"
          ],
          "failures": [],
          "pending": [],
          "skipped": [],
          "duration": 7267,
          "root": false,
          "rootEmpty": false,
          "_timeout": 2000
        }
      ],
      "passes": [],
      "failures": [],
      "pending": [],
      "skipped": [],
      "duration": 0,
      "root": true,
      "rootEmpty": true,
      "_timeout": 2000
    }
  ],
  "meta": {
    "mocha": {
      "version": "7.0.1"
    },
    "mochawesome": {
      "options": {
        "quiet": false,
        "reportFilename": "mochawesome",
        "saveHtml": false,
        "saveJson": true,
        "consoleReporter": "spec",
        "useInlineDiffs": false,
        "code": true
      },
      "version": "7.1.3"
    },
    "marge": {
      "options": {
        "id": "default",
        "reportDir": "cypress/results/mochawesome",
        "overwrite": false,
        "html": false,
        "json": true
      },
      "version": "6.2.0"
    }
  }
}