{
  "stats": {
    "suites": 1,
    "tests": 1,
    "passes": 1,
    "pending": 0,
    "failures": 0,
    "start": "2023-06-08T02:15:26.096Z",
    "end": "2023-06-08T02:15:34.083Z",
    "duration": 7987,
    "testsRegistered": 1,
    "passPercent": 100,
    "pendingPercent": 0,
    "other": 0,
    "hasOther": false,
    "skipped": 0,
    "hasSkipped": false
  },
  "results": [
    {
      "uuid": "37e3ec66-93ad-42dc-8936-2eda27bb7385",
      "title": "",
      "fullFile": "cypress\\e2e\\test01.cy.js",
      "file": "cypress\\e2e\\test01.cy.js",
      "beforeHooks": [],
      "afterHooks": [],
      "tests": [],
      "suites": [
        {
          "uuid": "3565599b-301e-4de3-a7cf-f16e9d3b141f",
          "title": "template spec",
          "fullFile": "",
          "file": "",
          "beforeHooks": [],
          "afterHooks": [],
          "tests": [
            {
              "title": "verify login page",
              "fullTitle": "template spec verify login page",
              "timedOut": null,
              "duration": 2145,
              "state": "passed",
              "speed": "fast",
              "pass": true,
              "fail": false,
              "pending": false,
              "context": null,
              "code": "loginPage.verifyLoginPage();",
              "err": {},
              "uuid": "ac8a43dd-5fab-4ddd-ac64-cceb6b55cc7e",
              "parentUUID": "3565599b-301e-4de3-a7cf-f16e9d3b141f",
              "isHook": false,
              "skipped": false
            }
          ],
          "suites": [],
          "passes": [
            "ac8a43dd-5fab-4ddd-ac64-cceb6b55cc7e"
          ],
          "failures": [],
          "pending": [],
          "skipped": [],
          "duration": 2145,
          "root": false,
          "rootEmpty": false,
          "_timeout": 2000
        }
      ],
      "passes": [],
      "failures": [],
      "pending": [],
      "skipped": [],
      "duration": 0,
      "root": true,
      "rootEmpty": true,
      "_timeout": 2000
    }
  ],
  "meta": {
    "mocha": {
      "version": "7.0.1"
    },
    "mochawesome": {
      "options": {
        "quiet": false,
        "reportFilename": "mochawesome",
        "saveHtml": false,
        "saveJson": true,
        "consoleReporter": "spec",
        "useInlineDiffs": false,
        "code": true
      },
      "version": "7.1.3"
    },
    "marge": {
      "options": {
        "id": "default",
        "reportDir": "cypress/results/mochawesome",
        "overwrite": false,
        "html": false,
        "json": true
      },
      "version": "6.2.0"
    }
  }
}