{
  "stats": {
    "suites": 1,
    "tests": 1,
    "passes": 1,
    "pending": 0,
    "failures": 0,
    "start": "2023-06-08T02:16:06.038Z",
    "end": "2023-06-08T02:16:20.939Z",
    "duration": 14901,
    "testsRegistered": 1,
    "passPercent": 100,
    "pendingPercent": 0,
    "other": 0,
    "hasOther": false,
    "skipped": 0,
    "hasSkipped": false
  },
  "results": [
    {
      "uuid": "d1718c34-0d39-462c-939f-cc4cdf51a7dc",
      "title": "",
      "fullFile": "cypress\\e2e\\test04.cy.js",
      "file": "cypress\\e2e\\test04.cy.js",
      "beforeHooks": [],
      "afterHooks": [],
      "tests": [],
      "suites": [
        {
          "uuid": "df4012ab-d6d8-4b3b-a5bb-63eb2ad097c5",
          "title": "template spec",
          "fullFile": "",
          "file": "",
          "beforeHooks": [],
          "afterHooks": [],
          "tests": [
            {
              "title": "TC04: Verify view product detail",
              "fullTitle": "template spec TC04: Verify view product detail",
              "timedOut": null,
              "duration": 10227,
              "state": "passed",
              "speed": "slow",
              "pass": true,
              "fail": false,
              "pending": false,
              "context": null,
              "code": "loginPage.loginToHomePage('admin@tecdiary.com', '12345678');\nhomePage.goToListProduct();\nlistProductPage.clickToItemProduct(\"Lemon\");\n// verify detail Lemon\ndetailProduct.verifyDetailProduct();",
              "err": {},
              "uuid": "5e471616-c768-47ad-b677-469d18b99bf5",
              "parentUUID": "df4012ab-d6d8-4b3b-a5bb-63eb2ad097c5",
              "isHook": false,
              "skipped": false
            }
          ],
          "suites": [],
          "passes": [
            "5e471616-c768-47ad-b677-469d18b99bf5"
          ],
          "failures": [],
          "pending": [],
          "skipped": [],
          "duration": 10227,
          "root": false,
          "rootEmpty": false,
          "_timeout": 2000
        }
      ],
      "passes": [],
      "failures": [],
      "pending": [],
      "skipped": [],
      "duration": 0,
      "root": true,
      "rootEmpty": true,
      "_timeout": 2000
    }
  ],
  "meta": {
    "mocha": {
      "version": "7.0.1"
    },
    "mochawesome": {
      "options": {
        "quiet": false,
        "reportFilename": "mochawesome",
        "saveHtml": false,
        "saveJson": true,
        "consoleReporter": "spec",
        "useInlineDiffs": false,
        "code": true
      },
      "version": "7.1.3"
    },
    "marge": {
      "options": {
        "id": "default",
        "reportDir": "cypress/results/mochawesome",
        "overwrite": false,
        "html": false,
        "json": true
      },
      "version": "6.2.0"
    }
  }
}