<?xml version="1.0" encoding="UTF-8"?>
<testsuites name="Mocha Tests" time="8.875" tests="1" failures="0">
  <testsuite name="Root Suite" timestamp="2023-06-07T02:53:23" tests="0" file="cypress\e2e\test02.cy.js" time="0.000" failures="0">
  </testsuite>
  <testsuite name="template spec" timestamp="2023-06-07T02:53:23" tests="1" time="8.851" failures="0">
    <testcase name="template spec verify login success" time="5.849" classname="verify login success">
    </testcase>
  </testsuite>
</testsuites>