<?xml version="1.0"?>
<testsuites>
<testsuite name="Root Suite" timestamp="2023-06-07T02:54:04" tests="0" file="cypress\e2e\test05.cy.js" time="0.000" failures="0"></testsuite>
<testsuite name="template spec" timestamp="2023-06-07T02:54:04" tests="1" time="17.413" failures="0">
  
  <testcase name="template spec TC05 : Verify Edit product" time="13.957" classname="TC05 : Verify Edit product"></testcase>
  
</testsuite>

<testsuite name="Root Suite" timestamp="2023-06-07T02:55:03" tests="0" file="cypress\e2e\test08.cy.js" time="0.000" failures="0"></testsuite>
<testsuite name="template spec" timestamp="2023-06-07T02:55:03" tests="1" time="14.979" failures="0">
  
  <testcase name="template spec TC08: Verify add Sale successfully" time="12.556" classname="TC08: Verify add Sale successfully"></testcase>
  
</testsuite>

<testsuite name="Root Suite" timestamp="2023-06-07T02:55:35" tests="0" file="cypress\e2e\test10.cy.js" time="0.000" failures="0"></testsuite>
<testsuite name="template spec" timestamp="2023-06-07T02:55:35" tests="1" time="24.484" failures="0">
  
  <testcase name="template spec TC10: Verify add product at PurchasePage successfully" time="21.926" classname="TC10: Verify add product at PurchasePage successfully"></testcase>
  
</testsuite>

<testsuite name="Root Suite" timestamp="2023-06-07T02:53:14" tests="0" file="cypress\e2e\test01.cy.js" time="0.000" failures="0"></testsuite>
<testsuite name="template spec" timestamp="2023-06-07T02:53:14" tests="1" time="6.288" failures="0">
  
  <testcase name="template spec verify login page" time="1.979" classname="verify login page"></testcase>
  
</testsuite>

<testsuite name="Root Suite" timestamp="2023-06-07T02:54:24" tests="0" file="cypress\e2e\test06.cy.js" time="0.000" failures="0"></testsuite>
<testsuite name="template spec" timestamp="2023-06-07T02:54:24" tests="1" time="18.487" failures="0">
  
  <testcase name="template spec TC06: Verify Print Barcode/Label page" time="15.481" classname="TC06: Verify Print Barcode/Label page"></testcase>
  
</testsuite>

<testsuite name="Root Suite" timestamp="2023-06-07T02:53:23" tests="0" file="cypress\e2e\test02.cy.js" time="0.000" failures="0"></testsuite>
<testsuite name="template spec" timestamp="2023-06-07T02:53:23" tests="1" time="8.851" failures="0">
  
  <testcase name="template spec verify login success" time="5.849" classname="verify login success"></testcase>
  
</testsuite>

<testsuite name="Root Suite" timestamp="2023-06-07T02:53:48" tests="0" file="cypress\e2e\test04.cy.js" time="0.000" failures="0"></testsuite>
<testsuite name="template spec" timestamp="2023-06-07T02:53:48" tests="1" time="14.190" failures="0">
  
  <testcase name="template spec TC04: Verify view product detail" time="11.845" classname="TC04: Verify view product detail"></testcase>
  
</testsuite>

<testsuite name="Root Suite" timestamp="2023-06-07T02:55:22" tests="0" file="cypress\e2e\test09.cy.js" time="0.000" failures="0"></testsuite>
<testsuite name="template spec" timestamp="2023-06-07T02:55:22" tests="1" time="10.697" failures="0">
  
  <testcase name="template spec Verify Purchases List" time="7.935" classname="Verify Purchases List"></testcase>
  
</testsuite>

<testsuite name="Root Suite" timestamp="2023-06-07T02:53:34" tests="0" file="cypress\e2e\test03.cy.js" time="0.000" failures="0"></testsuite>
<testsuite name="template spec" timestamp="2023-06-07T02:53:34" tests="1" time="10.742" failures="0">
  
  <testcase name="template spec TC03 : verify list products" time="8.354" classname="TC03 : verify list products"></testcase>
  
</testsuite>

<testsuite name="Root Suite" timestamp="2023-06-07T02:54:45" tests="0" file="cypress\e2e\test07.cy.js" time="0.000" failures="0"></testsuite>
<testsuite name="template spec" timestamp="2023-06-07T02:54:45" tests="1" time="15.167" failures="0">
  
  <testcase name="template spec TC07 : Verify create Print Barcode/Label successfully" time="11.956" classname="TC07 : Verify create Print Barcode/Label successfully"></testcase>
  
</testsuite>

</testsuites>