<?xml version="1.0" encoding="UTF-8"?>
<testsuites name="Mocha Tests" time="12.628" tests="1" failures="0">
  <testsuite name="Root Suite" timestamp="2023-06-08T02:03:33" tests="0" file="cypress\e2e\test03.cy.js" time="0.000" failures="0">
  </testsuite>
  <testsuite name="template spec" timestamp="2023-06-08T02:03:33" tests="1" time="12.592" failures="0">
    <testcase name="template spec TC03 : verify list products" time="9.410" classname="TC03 : verify list products">
    </testcase>
  </testsuite>
</testsuites>