<?xml version="1.0" encoding="UTF-8"?>
<testsuites name="Mocha Tests" time="11.977" tests="1" failures="0">
  <testsuite name="Root Suite" timestamp="2023-06-08T02:16:43" tests="0" file="cypress\e2e\test06.cy.js" time="0.000" failures="0">
  </testsuite>
  <testsuite name="template spec" timestamp="2023-06-08T02:16:43" tests="1" time="11.925" failures="0">
    <testcase name="template spec TC06: Verify Print Barcode/Label page" time="8.334" classname="TC06: Verify Print Barcode/Label page">
    </testcase>
  </testsuite>
</testsuites>