<?xml version="1.0" encoding="UTF-8"?>
<testsuites name="Mocha Tests" time="16.887" tests="1" failures="0">
  <testsuite name="Root Suite" timestamp="2023-06-08T02:16:58" tests="0" file="cypress\e2e\test07.cy.js" time="0.000" failures="0">
  </testsuite>
  <testsuite name="template spec" timestamp="2023-06-08T02:16:58" tests="1" time="16.833" failures="0">
    <testcase name="template spec TC07 : Verify create Print Barcode/Label successfully" time="13.386" classname="TC07 : Verify create Print Barcode/Label successfully">
    </testcase>
  </testsuite>
</testsuites>