<?xml version="1.0" encoding="UTF-8"?>
<testsuites name="Mocha Tests" time="8.950" tests="1" failures="0">
  <testsuite name="Root Suite" timestamp="2023-06-08T02:15:37" tests="0" file="cypress\e2e\test02.cy.js" time="0.000" failures="0">
  </testsuite>
  <testsuite name="template spec" timestamp="2023-06-08T02:15:37" tests="1" time="8.881" failures="0">
    <testcase name="template spec verify login success" time="5.365" classname="verify login success">
    </testcase>
  </testsuite>
</testsuites>