<?xml version="1.0" encoding="UTF-8"?>
<testsuites name="Mocha Tests" time="18.515" tests="1" failures="0">
  <testsuite name="Root Suite" timestamp="2023-06-07T02:54:24" tests="0" file="cypress\e2e\test06.cy.js" time="0.000" failures="0">
  </testsuite>
  <testsuite name="template spec" timestamp="2023-06-07T02:54:24" tests="1" time="18.487" failures="0">
    <testcase name="template spec TC06: Verify Print Barcode/Label page" time="15.481" classname="TC06: Verify Print Barcode/Label page">
    </testcase>
  </testsuite>
</testsuites>