<?xml version="1.0" encoding="UTF-8"?>
<testsuites name="Mocha Tests" time="10.727" tests="1" failures="0">
  <testsuite name="Root Suite" timestamp="2023-06-07T02:55:22" tests="0" file="cypress\e2e\test09.cy.js" time="0.000" failures="0">
  </testsuite>
  <testsuite name="template spec" timestamp="2023-06-07T02:55:22" tests="1" time="10.697" failures="0">
    <testcase name="template spec Verify Purchases List" time="7.935" classname="Verify Purchases List">
    </testcase>
  </testsuite>
</testsuites>