<?xml version="1.0" encoding="UTF-8"?>
<testsuites name="Mocha Tests" time="11.269" tests="1" failures="0">
  <testsuite name="Root Suite" timestamp="2023-06-08T02:03:48" tests="0" file="cypress\e2e\test04.cy.js" time="0.000" failures="0">
  </testsuite>
  <testsuite name="template spec" timestamp="2023-06-08T02:03:48" tests="1" time="11.240" failures="0">
    <testcase name="template spec TC04: Verify view product detail" time="8.908" classname="TC04: Verify view product detail">
    </testcase>
  </testsuite>
</testsuites>