<?xml version="1.0" encoding="UTF-8"?>
<testsuites name="Mocha Tests" time="17.712" tests="1" failures="0">
  <testsuite name="Root Suite" timestamp="2023-06-08T02:05:14" tests="0" file="cypress\e2e\test10.cy.js" time="0.000" failures="0">
  </testsuite>
  <testsuite name="template spec" timestamp="2023-06-08T02:05:14" tests="1" time="17.677" failures="0">
    <testcase name="template spec TC10: Verify add product at PurchasePage successfully" time="15.171" classname="TC10: Verify add product at PurchasePage successfully">
    </testcase>
  </testsuite>
</testsuites>