<?xml version="1.0" encoding="UTF-8"?>
<testsuites name="Mocha Tests" time="14.008" tests="1" failures="0">
  <testsuite name="Root Suite" timestamp="2023-06-08T02:04:44" tests="0" file="cypress\e2e\test08.cy.js" time="0.000" failures="0">
  </testsuite>
  <testsuite name="template spec" timestamp="2023-06-08T02:04:44" tests="1" time="13.983" failures="0">
    <testcase name="template spec TC08: Verify add Sale successfully" time="11.643" classname="TC08: Verify add Sale successfully">
    </testcase>
  </testsuite>
</testsuites>