<?xml version="1.0" encoding="UTF-8"?>
<testsuites name="Mocha Tests" time="9.645" tests="1" failures="0">
  <testsuite name="Root Suite" timestamp="2023-06-08T02:04:16" tests="0" file="cypress\e2e\test06.cy.js" time="0.000" failures="0">
  </testsuite>
  <testsuite name="template spec" timestamp="2023-06-08T02:04:16" tests="1" time="9.614" failures="0">
    <testcase name="template spec TC06: Verify Print Barcode/Label page" time="7.267" classname="TC06: Verify Print Barcode/Label page">
    </testcase>
  </testsuite>
</testsuites>