<?xml version="1.0" encoding="UTF-8"?>
<testsuites name="Mocha Tests" time="24.512" tests="1" failures="0">
  <testsuite name="Root Suite" timestamp="2023-06-07T02:55:35" tests="0" file="cypress\e2e\test10.cy.js" time="0.000" failures="0">
  </testsuite>
  <testsuite name="template spec" timestamp="2023-06-07T02:55:35" tests="1" time="24.484" failures="0">
    <testcase name="template spec TC10: Verify add product at PurchasePage successfully" time="21.926" classname="TC10: Verify add product at PurchasePage successfully">
    </testcase>
  </testsuite>
</testsuites>