<?xml version="1.0" encoding="UTF-8"?>
<testsuites name="Mocha Tests" time="17.441" tests="1" failures="0">
  <testsuite name="Root Suite" timestamp="2023-06-07T02:54:04" tests="0" file="cypress\e2e\test05.cy.js" time="0.000" failures="0">
  </testsuite>
  <testsuite name="template spec" timestamp="2023-06-07T02:54:04" tests="1" time="17.413" failures="0">
    <testcase name="template spec TC05 : Verify Edit product" time="13.957" classname="TC05 : Verify Edit product">
    </testcase>
  </testsuite>
</testsuites>