<?xml version="1.0" encoding="UTF-8"?>
<testsuites name="Mocha Tests" time="13.431" tests="1" failures="0">
  <testsuite name="Root Suite" timestamp="2023-06-08T02:17:42" tests="0" file="cypress\e2e\test09.cy.js" time="0.000" failures="0">
  </testsuite>
  <testsuite name="template spec" timestamp="2023-06-08T02:17:42" tests="1" time="13.365" failures="0">
    <testcase name="template spec Verify Purchases List" time="9.113" classname="Verify Purchases List">
    </testcase>
  </testsuite>
</testsuites>