<?xml version="1.0" encoding="UTF-8"?>
<testsuites name="Mocha Tests" time="10.770" tests="1" failures="0">
  <testsuite name="Root Suite" timestamp="2023-06-07T02:53:34" tests="0" file="cypress\e2e\test03.cy.js" time="0.000" failures="0">
  </testsuite>
  <testsuite name="template spec" timestamp="2023-06-07T02:53:34" tests="1" time="10.742" failures="0">
    <testcase name="template spec TC03 : verify list products" time="8.354" classname="TC03 : verify list products">
    </testcase>
  </testsuite>
</testsuites>